<?xml version="1.0" encoding="UTF-8" ?>
<testsuites name="vitest tests" tests="267" failures="0" errors="0" time="121.0296009">
    <testsuite name="tests/cli.test.ts" timestamp="2026-03-17T05:02:15.042Z" hostname="DESKTOP-28NKMQD" tests="5" failures="0" errors="0" skipped="0" time="2.3975574">
        <testcase classname="tests/cli.test.ts" name="CLI Tool (Phase 10) &gt; encode + decode roundtrip preserves data" time="0.5549295">
        </testcase>
        <testcase classname="tests/cli.test.ts" name="CLI Tool (Phase 10) &gt; verify returns 0 for valid file" time="0.5808147">
        </testcase>
        <testcase classname="tests/cli.test.ts" name="CLI Tool (Phase 10) &gt; info displays file metadata" time="0.7295308">
        </testcase>
        <testcase classname="tests/cli.test.ts" name="CLI Tool (Phase 10) &gt; returns exit code 1 on invalid file" time="0.3075013">
        </testcase>
        <testcase classname="tests/cli.test.ts" name="CLI Tool (Phase 10) &gt; returns exit code 2 for usage errors" time="0.21852">
        </testcase>
    </testsuite>
    <testsuite name="tests/codec-for.test.ts" timestamp="2026-03-17T05:02:15.048Z" hostname="DESKTOP-28NKMQD" tests="7" failures="0" errors="0" skipped="0" time="0.1340635">
        <testcase classname="tests/codec-for.test.ts" name="Codec FOR_BITPACK &gt; roundtrips integer arrays with negatives and wide ranges" time="0.0038567">
        </testcase>
        <testcase classname="tests/codec-for.test.ts" name="Codec FOR_BITPACK &gt; encodes constant blocks with bitWidth=0 and decodes exactly" time="0.0009907">
        </testcase>
        <testcase classname="tests/codec-for.test.ts" name="Codec FOR_BITPACK &gt; is competitive on favorable narrow-range VALUE integer deltas" time="0.0007189">
        </testcase>
        <testcase classname="tests/codec-for.test.ts" name="Codec FOR_BITPACK &gt; keeps full roundtrip integrity when FOR_BITPACK is used in VALUE stream" time="0.0874706">
        </testcase>
        <testcase classname="tests/codec-for.test.ts" name="Codec FOR_BITPACK &gt; beats plain varint size on narrow residual distributions" time="0.0006528">
        </testcase>
        <testcase classname="tests/codec-for.test.ts" name="Codec FOR_BITPACK &gt; keeps roundtrip correctness on wide-range values where FOR may not be best" time="0.0129953">
        </testcase>
        <testcase classname="tests/codec-for.test.ts" name="Codec FOR_BITPACK &gt; keeps deterministic VALUE codec selection sequence across repeated runs" time="0.0091991">
        </testcase>
    </testsuite>
    <testsuite name="tests/codec-xor-float.test.ts" timestamp="2026-03-17T05:02:15.050Z" hostname="DESKTOP-28NKMQD" tests="9" failures="0" errors="0" skipped="1" time="0.255037">
        <testcase classname="tests/codec-xor-float.test.ts" name="Codec XOR_FLOAT &gt; roundtrips constant float deltas exactly" time="0.0121425">
        </testcase>
        <testcase classname="tests/codec-xor-float.test.ts" name="Codec XOR_FLOAT &gt; roundtrips linear-trend float deltas exactly" time="0.0140762">
        </testcase>
        <testcase classname="tests/codec-xor-float.test.ts" name="Codec XOR_FLOAT &gt; roundtrips volatile/random deterministic float deltas exactly" time="0.0241752">
        </testcase>
        <testcase classname="tests/codec-xor-float.test.ts" name="Codec XOR_FLOAT &gt; roundtrips float deltas bit-a-bit for finite values" time="0.0008506">
        </testcase>
        <testcase classname="tests/codec-xor-float.test.ts" name="Codec XOR_FLOAT &gt; produces smaller payload than FIXED64 on favorable float deltas" time="0.0050848">
        </testcase>
        <testcase classname="tests/codec-xor-float.test.ts" name="Codec XOR_FLOAT &gt; uses XOR_FLOAT for favorable finite float sequences" time="0.100094">
        </testcase>
        <testcase classname="tests/codec-xor-float.test.ts" name="Codec XOR_FLOAT &gt; falls back to absolute FIXED64 for non-finite sequences" time="0.0113711">
        </testcase>
        <testcase classname="tests/codec-xor-float.test.ts" name="Codec XOR_FLOAT &gt; keeps deterministic codec selection sequence for float blocks" time="0.0365735">
        </testcase>
        <testcase classname="tests/codec-xor-float.test.ts" name="Codec XOR_FLOAT &gt; FASE 10: CLI e2e se valida en tests/cli.test.ts (no bloquea FASE 3 de codecs)" time="0">
            <skipped/>
        </testcase>
    </testsuite>
    <testsuite name="tests/daemon-audit-chain.test.ts" timestamp="2026-03-17T05:02:15.053Z" hostname="DESKTOP-28NKMQD" tests="6" failures="0" errors="0" skipped="0" time="7.6806545">
        <testcase classname="tests/daemon-audit-chain.test.ts" name="AuditChain (fase 7) &gt; 10K entries â†’ chain integridad verificada al 100%" time="7.6230046">
        </testcase>
        <testcase classname="tests/daemon-audit-chain.test.ts" name="AuditChain (fase 7) &gt; tamper 1 entry â†’ verify() detecta corruption" time="0.0094877">
        </testcase>
        <testcase classname="tests/daemon-audit-chain.test.ts" name="AuditChain (fase 7) &gt; tamper payload â†’ verify() detecta corruption" time="0.0064974">
        </testcase>
        <testcase classname="tests/daemon-audit-chain.test.ts" name="AuditChain (fase 7) &gt; audit write fails â†’ original put() tambien falla (integraciÃ³n)" time="0.0039805">
        </testcase>
        <testcase classname="tests/daemon-audit-chain.test.ts" name="AuditChain (fase 7) &gt; merkle checkpoint cada 1000 entries con root hash correcto" time="0.0269132">
        </testcase>
        <testcase classname="tests/daemon-audit-chain.test.ts" name="AuditChain (fase 7) &gt; export() genera JSON lines valido y parseable" time="0.0063694">
        </testcase>
    </testsuite>
    <testsuite name="tests/daemon-bandit-router.test.ts" timestamp="2026-03-17T05:02:15.054Z" hostname="DESKTOP-28NKMQD" tests="6" failures="0" errors="0" skipped="0" time="0.032868">
        <testcase classname="tests/daemon-bandit-router.test.ts" name="BanditRouter (Phase 11) &gt; feature flag OFF → always returns blended score" time="0.0070149">
        </testcase>
        <testcase classname="tests/daemon-bandit-router.test.ts" name="BanditRouter (Phase 11) &gt; Thompson Sampling converges to best arm" time="0.0078592">
        </testcase>
        <testcase classname="tests/daemon-bandit-router.test.ts" name="BanditRouter (Phase 11) &gt; temporal decay reduces old alpha/beta over time" time="0.0009281">
        </testcase>
        <testcase classname="tests/daemon-bandit-router.test.ts" name="BanditRouter (Phase 11) &gt; deterministic with seed" time="0.001886">
        </testcase>
        <testcase classname="tests/daemon-bandit-router.test.ts" name="BanditRouter (Phase 11) &gt; A/B test: bandit outperforms random selection (1000 trials)" time="0.0082848">
        </testcase>
        <testcase classname="tests/daemon-bandit-router.test.ts" name="BanditRouter (Phase 11) &gt; cold start with Beta(3,1) prior" time="0.0004565">
        </testcase>
    </testsuite>
    <testsuite name="tests/daemon-file-lock.test.ts" timestamp="2026-03-17T05:02:15.056Z" hostname="DESKTOP-28NKMQD" tests="5" failures="0" errors="0" skipped="0" time="0.440658">
        <testcase classname="tests/daemon-file-lock.test.ts" name="FileLock (Roadmap v1.3.2 - Fase 1.5) &gt; permite múltiples locks compartidos simultáneos" time="0.0163338">
        </testcase>
        <testcase classname="tests/daemon-file-lock.test.ts" name="FileLock (Roadmap v1.3.2 - Fase 1.5) &gt; bloquea lock exclusivo cuando existe lock compartido y respeta timeout" time="0.1053336">
        </testcase>
        <testcase classname="tests/daemon-file-lock.test.ts" name="FileLock (Roadmap v1.3.2 - Fase 1.5) &gt; bloquea lock compartido cuando existe lock exclusivo y respeta timeout" time="0.1023046">
        </testcase>
        <testcase classname="tests/daemon-file-lock.test.ts" name="FileLock (Roadmap v1.3.2 - Fase 1.5) &gt; permite lock exclusivo una vez liberados locks compartidos" time="0.1105138">
        </testcase>
        <testcase classname="tests/daemon-file-lock.test.ts" name="FileLock (Roadmap v1.3.2 - Fase 1.5) &gt; helpers withSharedLock/withExclusiveLock aplican semántica correcta" time="0.0974206">
        </testcase>
    </testsuite>
    <testsuite name="tests/daemon-health.test.ts" timestamp="2026-03-17T05:02:15.057Z" hostname="DESKTOP-28NKMQD" tests="3" failures="0" errors="0" skipped="0" time="0.4013612">
        <testcase classname="tests/daemon-health.test.ts" name="Health Endpoint (Phase 13) &gt; getHealth returns comprehensive metrics in &lt;100ms" time="0.1684804">
            <system-out>
[GICS] Generated new security token at C:\Users\shilo\AppData\Local\Temp\gics-health-test-5ZzHKw\token.txt
[GICS] Replaying WAL...

[GICS] WAL replayed. 0 records loaded (0 entries replayed).

[Supervisor] STARTING -&gt; HEALTHY: supervisor started (2026-03-17T05:01:02.383Z)

[GICS] Daemon listening on \\.\pipe\gics-health-test-1773723662368

[GICS] Daemon stopped.

            </system-out>
            <system-err>
[WAL] fsync not supported/allowed on this filesystem. Continuing without durable sync.

            </system-err>
        </testcase>
        <testcase classname="tests/daemon-health.test.ts" name="Health Endpoint (Phase 13) &gt; getHealth with PromptDistiller enabled includes distiller metrics" time="0.1307549">
            <system-out>
[GICS] Generated new security token at C:\Users\shilo\AppData\Local\Temp\gics-health-test-ZlRsoL\token.txt
[GICS] Replaying WAL...

[GICS] WAL replayed. 0 records loaded (0 entries replayed).

[Supervisor] STARTING -&gt; HEALTHY: supervisor started (2026-03-17T05:01:02.589Z)

[GICS] Daemon listening on \\.\pipe\gics-health-distiller-1773723662535

[GICS] Daemon stopped.

            </system-out>
        </testcase>
        <testcase classname="tests/daemon-health.test.ts" name="Health Endpoint (Phase 13) &gt; getHealth works even with minimal data" time="0.0886503">
            <system-out>
[GICS] Generated new security token at C:\Users\shilo\AppData\Local\Temp\gics-health-test-ZCGdK8\token.txt
[GICS] Replaying WAL...

[GICS] WAL replayed. 0 records loaded (0 entries replayed).

[Supervisor] STARTING -&gt; HEALTHY: supervisor started (2026-03-17T05:01:02.674Z)

[GICS] Daemon listening on \\.\pipe\gics-health-minimal-1773723662666

[GICS] Daemon stopped.

            </system-out>
        </testcase>
    </testsuite>
    <testsuite name="tests/daemon-insight-wiring.test.ts" timestamp="2026-03-17T05:02:15.060Z" hostname="DESKTOP-28NKMQD" tests="5" failures="0" errors="0" skipped="0" time="0.1857785">
        <testcase classname="tests/daemon-insight-wiring.test.ts" name="Insight Engine Wiring (Phase 9) &gt; degradation simulated → recommendation emitted in &lt;5s" time="0.003886">
        </testcase>
        <testcase classname="tests/daemon-insight-wiring.test.ts" name="Insight Engine Wiring (Phase 9) &gt; accuracy tracking: follow successful rec → accuracy increases" time="0.0014258">
        </testcase>
        <testcase classname="tests/daemon-insight-wiring.test.ts" name="Insight Engine Wiring (Phase 9) &gt; accuracy &lt; 50% after 20 outcomes → type disabled" time="0.0048698">
        </testcase>
        <testcase classname="tests/daemon-insight-wiring.test.ts" name="Insight Engine Wiring (Phase 9) &gt; onWrite fails → put() operation succeeds (best-effort)" time="0.0003161">
        </testcase>
        <testcase classname="tests/daemon-insight-wiring.test.ts" name="Insight Engine Wiring (Phase 9) &gt; TTL 24h → expired recommendation not returned" time="0.1565256">
        </testcase>
    </testsuite>
    <testsuite name="tests/daemon-lifecycle-actions.test.ts" timestamp="2026-03-17T05:02:15.062Z" hostname="DESKTOP-28NKMQD" tests="3" failures="0" errors="0" skipped="0" time="74.9038084">
        <testcase classname="tests/daemon-lifecycle-actions.test.ts" name="Lifecycle Actions (Phase 12) &gt; item becomes dormant → retention policy triggered (if distiller enabled)" time="1.2214771">
            <system-out>
[GICS] Generated new security token at C:\Users\shilo\AppData\Local\Temp\gics-lifecycle-test-jDDnNp\token.txt
[GICS] Replaying WAL...

[GICS] WAL replayed. 0 records loaded (0 entries replayed).

[Supervisor] STARTING -&gt; HEALTHY: supervisor started (2026-03-17T05:01:00.142Z)

[GICS] Daemon listening on \\.\pipe\gics-lifecycle-test-1773723660117

[GICS] Daemon stopped.

            </system-out>
            <system-err>
[WAL] fsync not supported/allowed on this filesystem. Continuing without durable sync.

            </system-err>
        </testcase>
        <testcase classname="tests/daemon-lifecycle-actions.test.ts" name="Lifecycle Actions (Phase 12) &gt; item resurrected → alert logged to console and audit chain" time="0.1250743">
            <system-out>
[GICS] Generated new security token at C:\Users\shilo\AppData\Local\Temp\gics-lifecycle-test-Ma6gOP\token.txt
[GICS] Replaying WAL...

[GICS] WAL replayed. 0 records loaded (0 entries replayed).

[Supervisor] STARTING -&gt; HEALTHY: supervisor started (2026-03-17T05:01:01.372Z)

[GICS] Daemon listening on \\.\pipe\gics-lifecycle-test-res-1773723661339

[GICS] Daemon stopped.

            </system-out>
            <system-err>
[WAL] fsync not supported/allowed on this filesystem. Continuing without durable sync.

            </system-err>
        </testcase>
        <testcase classname="tests/daemon-lifecycle-actions.test.ts" name="Lifecycle Actions (Phase 12) &gt; 10K operations → lifecycle transitions work correctly" time="73.5522564">
            <system-out>
[GICS] Generated new security token at C:\Users\shilo\AppData\Local\Temp\gics-lifecycle-test-LWHvij\token.txt
[GICS] Replaying WAL...

[GICS] WAL replayed. 0 records loaded (0 entries replayed).

[Supervisor] STARTING -&gt; HEALTHY: supervisor started (2026-03-17T05:01:01.472Z)

[GICS] Daemon listening on \\.\pipe\gics-lifecycle-10k-1773723661460

[GICS] Daemon stopped.

            </system-out>
            <system-err>
[WAL] fsync not supported/allowed on this filesystem. Continuing without durable sync.

            </system-err>
        </testcase>
    </testsuite>
    <testsuite name="tests/daemon-memtable.test.ts" timestamp="2026-03-17T05:02:15.065Z" hostname="DESKTOP-28NKMQD" tests="8" failures="0" errors="0" skipped="0" time="0.0257685">
        <testcase classname="tests/daemon-memtable.test.ts" name="MemTable (Roadmap v1.3.2 - Fase 1.1) &gt; inserta y recupera registros con created/updated/accessCount" time="0.0031191">
        </testcase>
        <testcase classname="tests/daemon-memtable.test.ts" name="MemTable (Roadmap v1.3.2 - Fase 1.1) &gt; reemplaza fields en updates, incrementa updated y no duplica dirtyCount" time="0.0119197">
        </testcase>
        <testcase classname="tests/daemon-memtable.test.ts" name="MemTable (Roadmap v1.3.2 - Fase 1.1) &gt; scan(prefix) filtra por prefijo" time="0.0017311">
        </testcase>
        <testcase classname="tests/daemon-memtable.test.ts" name="MemTable (Roadmap v1.3.2 - Fase 1.1) &gt; delete elimina registro y ajusta count/dirty/size" time="0.0005605">
        </testcase>
        <testcase classname="tests/daemon-memtable.test.ts" name="MemTable (Roadmap v1.3.2 - Fase 1.1) &gt; resetDirty limpia dirty flags y dirtyCount" time="0.0004376">
        </testcase>
        <testcase classname="tests/daemon-memtable.test.ts" name="MemTable (Roadmap v1.3.2 - Fase 1.1) &gt; expone thresholds por defecto del roadmap" time="0.0002545">
        </testcase>
        <testcase classname="tests/daemon-memtable.test.ts" name="MemTable (Roadmap v1.3.2 - Fase 1.1) &gt; shouldFlush por dirtyCount cuando supera maxDirtyRecords" time="0.0003953">
        </testcase>
        <testcase classname="tests/daemon-memtable.test.ts" name="MemTable (Roadmap v1.3.2 - Fase 1.1) &gt; shouldFlush por size cuando supera maxMemTableBytes" time="0.0002465">
        </testcase>
    </testsuite>
    <testsuite name="tests/daemon-prompt-distiller.test.ts" timestamp="2026-03-17T05:02:15.068Z" hostname="DESKTOP-28NKMQD" tests="8" failures="0" errors="0" skipped="0" time="0.5399979">
        <testcase classname="tests/daemon-prompt-distiller.test.ts" name="PromptDistiller &gt; should store and retrieve records from RAW tier" time="0.018372">
        </testcase>
        <testcase classname="tests/daemon-prompt-distiller.test.ts" name="PromptDistiller &gt; should compress RAW → COMPRESSED after retention period" time="0.0207513">
        </testcase>
        <testcase classname="tests/daemon-prompt-distiller.test.ts" name="PromptDistiller &gt; should distill COMPRESSED → DISTILLED after 30+ days" time="0.0251895">
        </testcase>
        <testcase classname="tests/daemon-prompt-distiller.test.ts" name="PromptDistiller &gt; should preserve metadata across all tier transitions" time="0.0235505">
        </testcase>
        <testcase classname="tests/daemon-prompt-distiller.test.ts" name="PromptDistiller &gt; should show significant disk usage reduction after 30 days" time="0.3701395">
        </testcase>
        <testcase classname="tests/daemon-prompt-distiller.test.ts" name="PromptDistiller &gt; should handle compression failure gracefully - data stays in previous tier" time="0.011164">
        </testcase>
        <testcase classname="tests/daemon-prompt-distiller.test.ts" name="PromptDistiller &gt; should run emergency purge when triggered manually" time="0.04211">
        </testcase>
        <testcase classname="tests/daemon-prompt-distiller.test.ts" name="PromptDistiller &gt; should correctly classify existing data on first initialization" time="0.0242498">
        </testcase>
    </testsuite>
    <testsuite name="tests/daemon-realworld-soak.test.ts" timestamp="2026-03-17T05:02:15.069Z" hostname="DESKTOP-28NKMQD" tests="2" failures="0" errors="0" skipped="0" time="7.6566188">
        <testcase classname="tests/daemon-realworld-soak.test.ts" name="GICSDaemon real-world soak / fault-line test &gt; survive mixed continuous load + maintenance + restart (binary)" time="5.7118739">
            <system-out>
[GICS] Generated new security token at C:\Users\shilo\AppData\Local\Temp\gics-daemon-soak-5FDESm\.gics_token
[GICS] Replaying WAL...

[GICS] WAL replayed. 0 records loaded (0 entries replayed).

[Supervisor] STARTING -&gt; HEALTHY: supervisor started (2026-03-17T05:01:00.138Z)

[GICS] Daemon listening on \\.\pipe\gics-soak-a-binary-1773723660118-h47ud4r2di6

[GICS] Daemon stopped.

[GICS] Replaying WAL...

[GICS] WAL replayed. 0 records loaded (0 entries replayed).

[GICS] Restored insights from segments: behavioral=147, confidence=0

[Supervisor] STARTING -&gt; HEALTHY: supervisor started (2026-03-17T05:01:03.950Z)

[GICS] Daemon listening on \\.\pipe\gics-soak-b-binary-1773723663630-f1qn822m2wq

[GICS] Daemon stopped.

            </system-out>
            <system-err>
[WAL] fsync not supported/allowed on this filesystem. Continuing without durable sync.

            </system-err>
        </testcase>
        <testcase classname="tests/daemon-realworld-soak.test.ts" name="GICSDaemon real-world soak / fault-line test &gt; survive mixed continuous load + maintenance + restart (jsonl)" time="1.9385723">
            <system-out>
[GICS] Generated new security token at C:\Users\shilo\AppData\Local\Temp\gics-daemon-soak-yOGZZl\.gics_token
[GICS] Replaying WAL...

[GICS] WAL replayed. 0 records loaded (0 entries replayed).

[Supervisor] STARTING -&gt; HEALTHY: supervisor started (2026-03-17T05:01:05.852Z)

[GICS] Daemon listening on \\.\pipe\gics-soak-a-jsonl-1773723665837-r0e9eikcrat

[GICS] Daemon stopped.

[GICS] Replaying WAL...

[GICS] WAL replayed. 0 records loaded (0 entries replayed).

[GICS] Restored insights from segments: behavioral=147, confidence=0

[Supervisor] STARTING -&gt; HEALTHY: supervisor started (2026-03-17T05:01:07.611Z)

[GICS] Daemon listening on \\.\pipe\gics-soak-b-jsonl-1773723667567-ixveuzmxrw

[GICS] Daemon stopped.

            </system-out>
            <system-err>
[WAL] fsync not supported/allowed on this filesystem. Continuing without durable sync.

            </system-err>
        </testcase>
    </testsuite>
    <testsuite name="tests/daemon-recovery.test.ts" timestamp="2026-03-17T05:02:15.072Z" hostname="DESKTOP-28NKMQD" tests="14" failures="0" errors="0" skipped="0" time="2.7535154">
        <testcase classname="tests/daemon-recovery.test.ts" name="GICSDaemon WAL recovery (Phase 1.2 bootstrap) &gt; reconstruye MemTable tras reinicio usando WAL (binary)" time="0.2447605">
            <system-out>
[GICS] Generated new security token at C:\Users\shilo\AppData\Local\Temp\gics-daemon-recovery-aQ3D8U\.gics_token
[GICS] Replaying WAL...

[GICS] WAL replayed. 0 records loaded (0 entries replayed).

[Supervisor] STARTING -&gt; HEALTHY: supervisor started (2026-03-17T05:01:00.138Z)

[GICS] Daemon listening on \\.\pipe\gics-recovery-a-binary-1773723660117-tmq5jkad458

[GICS] Daemon stopped.

[GICS] Replaying WAL...

[GICS] WAL replayed. 2 records loaded (2 entries replayed).

[Supervisor] STARTING -&gt; HEALTHY: supervisor started (2026-03-17T05:01:00.249Z)

[GICS] Daemon listening on \\.\pipe\gics-recovery-b-binary-1773723660226-incv9x7hdj

[GICS] Daemon stopped.

            </system-out>
            <system-err>
[WAL] fsync not supported/allowed on this filesystem. Continuing without durable sync.

            </system-err>
        </testcase>
        <testcase classname="tests/daemon-recovery.test.ts" name="GICSDaemon WAL recovery (Phase 1.2 bootstrap) &gt; reconstruye MemTable tras reinicio usando WAL (jsonl)" time="0.2228892">
            <system-out>
[GICS] Generated new security token at C:\Users\shilo\AppData\Local\Temp\gics-daemon-recovery-iRTv44\.gics_token
[GICS] Replaying WAL...

[GICS] WAL replayed. 0 records loaded (0 entries replayed).

[Supervisor] STARTING -&gt; HEALTHY: supervisor started (2026-03-17T05:01:00.390Z)

[GICS] Daemon listening on \\.\pipe\gics-recovery-a-jsonl-1773723660366-amp73nn5wzh

[GICS] Daemon stopped.

[GICS] Replaying WAL...

[GICS] WAL replayed. 2 records loaded (2 entries replayed).

[Supervisor] STARTING -&gt; HEALTHY: supervisor started (2026-03-17T05:01:00.462Z)

[GICS] Daemon listening on \\.\pipe\gics-recovery-b-jsonl-1773723660454-rjhkarhelg

[GICS] Daemon stopped.

            </system-out>
            <system-err>
[WAL] fsync not supported/allowed on this filesystem. Continuing without durable sync.

            </system-err>
        </testcase>
        <testcase classname="tests/daemon-recovery.test.ts" name="GICSDaemon WAL recovery (Phase 1.2 bootstrap) &gt; flush limpia dirtyCount y trunca WAL" time="0.445163">
            <system-out>
[GICS] Generated new security token at C:\Users\shilo\AppData\Local\Temp\gics-daemon-recovery-deNkvt\.gics_token
[GICS] Replaying WAL...

[GICS] WAL replayed. 0 records loaded (0 entries replayed).

[Supervisor] STARTING -&gt; HEALTHY: supervisor started (2026-03-17T05:01:00.617Z)

[GICS] Daemon listening on \\.\pipe\gics-flush-binary-1773723660582-qz9fmf4ezs

[GICS] Daemon stopped.

            </system-out>
            <system-err>
[WAL] fsync not supported/allowed on this filesystem. Continuing without durable sync.

            </system-err>
        </testcase>
        <testcase classname="tests/daemon-recovery.test.ts" name="GICSDaemon WAL recovery (Phase 1.2 bootstrap) &gt; put puede disparar auto-flush por threshold de dirtyCount" time="0.1824236">
            <system-out>
[GICS] Generated new security token at C:\Users\shilo\AppData\Local\Temp\gics-daemon-recovery-3YkIBG\.gics_token
[GICS] Replaying WAL...

[GICS] WAL replayed. 0 records loaded (0 entries replayed).

[Supervisor] STARTING -&gt; HEALTHY: supervisor started (2026-03-17T05:01:01.050Z)

[GICS] Daemon listening on \\.\pipe\gics-autoflush-dirty-threshold-1773723661029-u8q9jnr66qn

[GICS] Daemon stopped.

            </system-out>
            <system-err>
[WAL] fsync not supported/allowed on this filesystem. Continuing without durable sync.

            </system-err>
        </testcase>
        <testcase classname="tests/daemon-recovery.test.ts" name="GICSDaemon WAL recovery (Phase 1.2 bootstrap) &gt; compact fusiona segmentos WARM y aplica last-writer-wins por key" time="0.2295661">
            <system-out>
[GICS] Generated new security token at C:\Users\shilo\AppData\Local\Temp\gics-daemon-recovery-m6CXR1\.gics_token
[GICS] Replaying WAL...

[GICS] WAL replayed. 0 records loaded (0 entries replayed).

[Supervisor] STARTING -&gt; HEALTHY: supervisor started (2026-03-17T05:01:01.254Z)

[GICS] Daemon listening on \\.\pipe\gics-compact-warm-segments-1773723661214-drdgpf7i9co

[GICS] Daemon stopped.

            </system-out>
            <system-err>
[WAL] fsync not supported/allowed on this filesystem. Continuing without durable sync.

            </system-err>
        </testcase>
        <testcase classname="tests/daemon-recovery.test.ts" name="GICSDaemon WAL recovery (Phase 1.2 bootstrap) &gt; rotate mueve segmentos WARM a COLD y actualiza ping.tiers" time="0.1400783">
            <system-out>
[GICS] Generated new security token at C:\Users\shilo\AppData\Local\Temp\gics-daemon-recovery-dUKInu\.gics_token
[GICS] Replaying WAL...

[GICS] WAL replayed. 0 records loaded (0 entries replayed).

[Supervisor] STARTING -&gt; HEALTHY: supervisor started (2026-03-17T05:01:01.450Z)

[GICS] Daemon listening on \\.\pipe\gics-rotate-warm-cold-1773723661440-ut1b19jmiqf

[GICS] Daemon stopped.

            </system-out>
            <system-err>
[WAL] fsync not supported/allowed on this filesystem. Continuing without durable sync.

            </system-err>
        </testcase>
        <testcase classname="tests/daemon-recovery.test.ts" name="GICSDaemon WAL recovery (Phase 1.2 bootstrap) &gt; rotate con coldEncryption escribe archivo COLD cifrado" time="0.2587283">
            <system-out>
[GICS] Generated new security token at C:\Users\shilo\AppData\Local\Temp\gics-daemon-recovery-lrBM5O\.gics_token
[GICS] Replaying WAL...

[GICS] WAL replayed. 0 records loaded (0 entries replayed).

[Supervisor] STARTING -&gt; HEALTHY: supervisor started (2026-03-17T05:01:01.598Z)

[GICS] Daemon listening on \\.\pipe\gics-rotate-cold-encryption-1773723661583-o8nu1hkc5ro

[GICS] Daemon stopped.

            </system-out>
            <system-err>
[WAL] fsync not supported/allowed on this filesystem. Continuing without durable sync.

            </system-err>
        </testcase>
        <testcase classname="tests/daemon-recovery.test.ts" name="GICSDaemon WAL recovery (Phase 1.2 bootstrap) &gt; get enruta HOT→WARM→COLD según disponibilidad" time="0.2989143">
            <system-out>
[GICS] Generated new security token at C:\Users\shilo\AppData\Local\Temp\gics-daemon-recovery-RKMNkB\.gics_token
[GICS] Replaying WAL...

[GICS] WAL replayed. 0 records loaded (0 entries replayed).

[Supervisor] STARTING -&gt; HEALTHY: supervisor started (2026-03-17T05:01:01.849Z)

[GICS] Daemon listening on \\.\pipe\gics-tier-routing-get-1773723661839-6vxmff4mz2m

[GICS] Daemon stopped.

[GICS] Replaying WAL...

[GICS] WAL replayed. 0 records loaded (0 entries replayed).

[GICS] Restored insights from segments: behavioral=1, confidence=0

[Supervisor] STARTING -&gt; HEALTHY: supervisor started (2026-03-17T05:01:01.991Z)

[GICS] Daemon listening on \\.\pipe\gics-tier-routing-get-1773723661839-6vxmff4mz2m

[GICS] Daemon stopped.

            </system-out>
            <system-err>
[WAL] fsync not supported/allowed on this filesystem. Continuing without durable sync.

            </system-err>
        </testcase>
        <testcase classname="tests/daemon-recovery.test.ts" name="GICSDaemon WAL recovery (Phase 1.2 bootstrap) &gt; ping reporta walFsyncMode configurado" time="0.105445">
            <system-out>
[GICS] Generated new security token at C:\Users\shilo\AppData\Local\Temp\gics-daemon-recovery-RYIgZG\.gics_token
[GICS] Replaying WAL...

[GICS] WAL replayed. 0 records loaded (0 entries replayed).

[Supervisor] STARTING -&gt; HEALTHY: supervisor started (2026-03-17T05:01:02.150Z)

[GICS] Daemon listening on \\.\pipe\gics-fsync-mode-1773723662139-lxot791bdjc

[GICS] Daemon stopped.

            </system-out>
        </testcase>
        <testcase classname="tests/daemon-recovery.test.ts" name="GICSDaemon WAL recovery (Phase 1.2 bootstrap) &gt; IPC responde JSON-RPC 2.0 y errores estándar de protocolo" time="0.0862088">
            <system-out>
[GICS] Generated new security token at C:\Users\shilo\AppData\Local\Temp\gics-daemon-recovery-2dBd1y\.gics_token
[GICS] Replaying WAL...

[GICS] WAL replayed. 0 records loaded (0 entries replayed).

[Supervisor] STARTING -&gt; HEALTHY: supervisor started (2026-03-17T05:01:02.254Z)

[GICS] Daemon listening on \\.\pipe\gics-ipc-jsonrpc-1773723662245-cw8ip6xoces

[GICS] Daemon stopped.

            </system-out>
        </testcase>
        <testcase classname="tests/daemon-recovery.test.ts" name="GICSDaemon WAL recovery (Phase 1.2 bootstrap) &gt; IPC exige token para escritura pero permite ping sin token" time="0.0938219">
            <system-out>
[GICS] Generated new security token at C:\Users\shilo\AppData\Local\Temp\gics-daemon-recovery-VnyBLe\.gics_token
[GICS] Replaying WAL...

[GICS] WAL replayed. 0 records loaded (0 entries replayed).

[Supervisor] STARTING -&gt; HEALTHY: supervisor started (2026-03-17T05:01:02.340Z)

[GICS] Daemon listening on \\.\pipe\gics-ipc-auth-1773723662331-ukrvg6z0req

[GICS] Daemon stopped.

            </system-out>
        </testcase>
        <testcase classname="tests/daemon-recovery.test.ts" name="GICSDaemon WAL recovery (Phase 1.2 bootstrap) &gt; IPC acepta múltiples readers simultáneos (ping concurrente)" time="0.1099019">
            <system-out>
[GICS] Generated new security token at C:\Users\shilo\AppData\Local\Temp\gics-daemon-recovery-c2qr1a\.gics_token
[GICS] Replaying WAL...

[GICS] WAL replayed. 0 records loaded (0 entries replayed).

[Supervisor] STARTING -&gt; HEALTHY: supervisor started (2026-03-17T05:01:02.455Z)

[GICS] Daemon listening on \\.\pipe\gics-ipc-concurrency-readers-1773723662431-yawta0gank9

[GICS] Daemon stopped.

            </system-out>
        </testcase>
        <testcase classname="tests/daemon-recovery.test.ts" name="GICSDaemon WAL recovery (Phase 1.2 bootstrap) &gt; Insight API base: getInsight/getInsights/reportOutcome/getAccuracy/subscribe/unsubscribe" time="0.1028561">
            <system-out>
[GICS] Generated new security token at C:\Users\shilo\AppData\Local\Temp\gics-daemon-recovery-EokHD5\.gics_token
[GICS] Replaying WAL...

[GICS] WAL replayed. 0 records loaded (0 entries replayed).

[Supervisor] STARTING -&gt; HEALTHY: supervisor started (2026-03-17T05:01:02.542Z)

[GICS] Daemon listening on \\.\pipe\gics-insight-api-base-1773723662534-5oyineifcrx

[GICS] Daemon stopped.

            </system-out>
            <system-err>
[WAL] fsync not supported/allowed on this filesystem. Continuing without durable sync.

            </system-err>
        </testcase>
        <testcase classname="tests/daemon-recovery.test.ts" name="GICSDaemon WAL recovery (Phase 1.2 bootstrap) &gt; persiste insights en segmentos y los restaura tras reinicio" time="0.2048018">
            <system-out>
[GICS] Generated new security token at C:\Users\shilo\AppData\Local\Temp\gics-daemon-recovery-NvrnnH\.gics_token
[GICS] Replaying WAL...

[GICS] WAL replayed. 0 records loaded (0 entries replayed).

[Supervisor] STARTING -&gt; HEALTHY: supervisor started (2026-03-17T05:01:02.644Z)

[GICS] Daemon listening on \\.\pipe\gics-insight-persistence-a-1773723662637-vmrzhmkedp

[GICS] Daemon stopped.

[GICS] Replaying WAL...

[GICS] WAL replayed. 0 records loaded (0 entries replayed).

[GICS] Restored insights from segments: behavioral=1, confidence=1

[Supervisor] STARTING -&gt; HEALTHY: supervisor started (2026-03-17T05:01:02.757Z)

[GICS] Daemon listening on \\.\pipe\gics-insight-persistence-b-1773723662738-2unzl8d9trg

[GICS] Daemon stopped.

            </system-out>
            <system-err>
[WAL] fsync not supported/allowed on this filesystem. Continuing without durable sync.

            </system-err>
        </testcase>
    </testsuite>
    <testsuite name="tests/daemon-resilience.test.ts" timestamp="2026-03-17T05:02:15.083Z" hostname="DESKTOP-28NKMQD" tests="6" failures="0" errors="0" skipped="0" time="2.0252971">
        <testcase classname="tests/daemon-resilience.test.ts" name="ResilienceShell (fase 6) &gt; 5 failures en 60s → circuit OPEN → calls fail-fast" time="0.3010963">
        </testcase>
        <testcase classname="tests/daemon-resilience.test.ts" name="ResilienceShell (fase 6) &gt; 30s cooldown → HALF-OPEN → 3 probes OK → CLOSED" time="0.2781191">
        </testcase>
        <testcase classname="tests/daemon-resilience.test.ts" name="ResilienceShell (fase 6) &gt; retry con jitter: delays no son idénticos en múltiples retries" time="0.4815013">
        </testcase>
        <testcase classname="tests/daemon-resilience.test.ts" name="ResilienceShell (fase 6) &gt; backpressure: &gt;highWaterMark pending → caller recibe error con queueDepth" time="0.1113238">
        </testcase>
        <testcase classname="tests/daemon-resilience.test.ts" name="ResilienceShell (fase 6) &gt; error metadata siempre presente: {attempts, circuitState, queueDepth}" time="0.5511416">
        </testcase>
        <testcase classname="tests/daemon-resilience.test.ts" name="ResilienceShell (fase 6) &gt; circuitState transitions: CLOSED → OPEN → HALF_OPEN → CLOSED" time="0.2833472">
        </testcase>
    </testsuite>
    <testsuite name="tests/daemon-supervisor.test.ts" timestamp="2026-03-17T05:02:15.085Z" hostname="DESKTOP-28NKMQD" tests="6" failures="0" errors="0" skipped="0" time="3.9538578">
        <testcase classname="tests/daemon-supervisor.test.ts" name="GICSSupervisor (fase 5) &gt; subsystem falla → restart automático en &lt;2s" time="1.5181549">
            <system-out>
[Supervisor] STARTING -&gt; HEALTHY: supervisor started (2026-03-17T05:00:59.623Z)

[Supervisor] HEALTHY -&gt; RESTARTING: subsystem failure (memOk=false, walOk=false) (2026-03-17T05:00:59.724Z)

[Supervisor] RESTARTING -&gt; HEALTHY: restart succeeded after 50ms backoff (2026-03-17T05:00:59.785Z)

            </system-out>
        </testcase>
        <testcase classname="tests/daemon-supervisor.test.ts" name="GICSSupervisor (fase 5) &gt; 5 failures en 5min → DEGRADED mode activado" time="1.5088754">
            <system-out>
[Supervisor] STARTING -&gt; HEALTHY: supervisor started (2026-03-17T05:01:01.141Z)

[Supervisor] HEALTHY -&gt; RESTARTING: subsystem failure (memOk=false, walOk=false) (2026-03-17T05:01:01.198Z)

            </system-out>
            <system-err>
[Supervisor] RESTARTING -&gt; DEGRADED: 5 restarts in 300s window (2026-03-17T05:01:01.496Z)

            </system-err>
        </testcase>
        <testcase classname="tests/daemon-supervisor.test.ts" name="GICSSupervisor (fase 5) &gt; en DEGRADED: writes se bufferizan, reads del snapshot" time="0.1066674">
            <system-out>
[Supervisor] STARTING -&gt; HEALTHY: supervisor started (2026-03-17T05:01:02.650Z)

            </system-out>
        </testcase>
        <testcase classname="tests/daemon-supervisor.test.ts" name="GICSSupervisor (fase 5) &gt; post-recovery: buffer se flushea, conflictos resueltos (WAL wins)" time="0.0039166">
            <system-out>
[Supervisor] STARTING -&gt; HEALTHY: supervisor started (2026-03-17T05:01:02.757Z)
[Supervisor] Conflict: WAL wins for key=&quot;k2&quot;, buffer write discarded.

            </system-out>
        </testcase>
        <testcase classname="tests/daemon-supervisor.test.ts" name="GICSSupervisor (fase 5) &gt; resetDegraded() → vuelve a STARTING → HEALTHY" time="0.8051457">
            <system-out>
[Supervisor] STARTING -&gt; HEALTHY: supervisor started (2026-03-17T05:01:02.761Z)

[Supervisor] HEALTHY -&gt; RESTARTING: subsystem failure (memOk=false, walOk=false) (2026-03-17T05:01:02.817Z)

[Supervisor] DEGRADED -&gt; STARTING: manual reset from DEGRADED (2026-03-17T05:01:03.565Z)

[Supervisor] STARTING -&gt; HEALTHY: subsystem restarted after manual reset (2026-03-17T05:01:03.565Z)

            </system-out>
            <system-err>
[Supervisor] RESTARTING -&gt; DEGRADED: 3 restarts in 300s window (2026-03-17T05:01:02.940Z)

            </system-err>
        </testcase>
        <testcase classname="tests/daemon-supervisor.test.ts" name="GICSSupervisor (fase 5) &gt; state transitions logueados con timestamp" time="0.0017806">
            <system-out>
[Supervisor] STARTING -&gt; HEALTHY: supervisor started (2026-03-17T05:01:03.566Z)

            </system-out>
        </testcase>
    </testsuite>
    <testsuite name="tests/daemon-wal-v2.test.ts" timestamp="2026-03-17T05:02:15.088Z" hostname="DESKTOP-28NKMQD" tests="5" failures="0" errors="0" skipped="0" time="3.9849881">
        <testcase classname="tests/daemon-wal-v2.test.ts" name="WAL v2 (fase 4) &gt; 100 ciclos write+recovery mantienen consistencia post-fsync" time="2.748494">
            <system-err>
[WAL] fsync not supported/allowed on this filesystem. Continuing without durable sync.

[WAL] fsync not supported/allowed on this filesystem. Continuing without durable sync.

[WAL] fsync not supported/allowed on this filesystem. Continuing without durable sync.

[WAL] fsync not supported/allowed on this filesystem. Continuing without durable sync.

[WAL] fsync not supported/allowed on this filesystem. Continuing without durable sync.

[WAL] fsync not supported/allowed on this filesystem. Continuing without durable sync.

[WAL] fsync not supported/allowed on this filesystem. Continuing without durable sync.

[WAL] fsync not supported/allowed on this filesystem. Continuing without durable sync.

[WAL] fsync not supported/allowed on this filesystem. Continuing without durable sync.

[WAL] fsync not supported/allowed on this filesystem. Continuing without durable sync.

[WAL] fsync not supported/allowed on this filesystem. Continuing without durable sync.

[WAL] fsync not supported/allowed on this filesystem. Continuing without durable sync.

[WAL] fsync not supported/allowed on this filesystem. Continuing without durable sync.

[WAL] fsync not supported/allowed on this filesystem. Continuing without durable sync.

[WAL] fsync not supported/allowed on this filesystem. Continuing without durable sync.

[WAL] fsync not supported/allowed on this filesystem. Continuing without durable sync.

[WAL] fsync not supported/allowed on this filesystem. Continuing without durable sync.

[WAL] fsync not supported/allowed on this filesystem. Continuing without durable sync.

[WAL] fsync not supported/allowed on this filesystem. Continuing without durable sync.

[WAL] fsync not supported/allowed on this filesystem. Continuing without durable sync.

[WAL] fsync not supported/allowed on this filesystem. Continuing without durable sync.

[WAL] fsync not supported/allowed on this filesystem. Continuing without durable sync.

[WAL] fsync not supported/allowed on this filesystem. Continuing without durable sync.

[WAL] fsync not supported/allowed on this filesystem. Continuing without durable sync.

[WAL] fsync not supported/allowed on this filesystem. Continuing without durable sync.

[WAL] fsync not supported/allowed on this filesystem. Continuing without durable sync.

[WAL] fsync not supported/allowed on this filesystem. Continuing without durable sync.

[WAL] fsync not supported/allowed on this filesystem. Continuing without durable sync.

[WAL] fsync not supported/allowed on this filesystem. Continuing without durable sync.

[WAL] fsync not supported/allowed on this filesystem. Continuing without durable sync.

[WAL] fsync not supported/allowed on this filesystem. Continuing without durable sync.

[WAL] fsync not supported/allowed on this filesystem. Continuing without durable sync.

[WAL] fsync not supported/allowed on this filesystem. Continuing without durable sync.

[WAL] fsync not supported/allowed on this filesystem. Continuing without durable sync.

[WAL] fsync not supported/allowed on this filesystem. Continuing without durable sync.

[WAL] fsync not supported/allowed on this filesystem. Continuing without durable sync.

[WAL] fsync not supported/allowed on this filesystem. Continuing without durable sync.

[WAL] fsync not supported/allowed on this filesystem. Continuing without durable sync.

[WAL] fsync not supported/allowed on this filesystem. Continuing without durable sync.

[WAL] fsync not supported/allowed on this filesystem. Continuing without durable sync.

[WAL] fsync not supported/allowed on this filesystem. Continuing without durable sync.

[WAL] fsync not supported/allowed on this filesystem. Continuing without durable sync.

[WAL] fsync not supported/allowed on this filesystem. Continuing without durable sync.

[WAL] fsync not supported/allowed on this filesystem. Continuing without durable sync.

[WAL] fsync not supported/allowed on this filesystem. Continuing without durable sync.

[WAL] fsync not supported/allowed on this filesystem. Continuing without durable sync.

[WAL] fsync not supported/allowed on this filesystem. Continuing without durable sync.

[WAL] fsync not supported/allowed on this filesystem. Continuing without durable sync.

[WAL] fsync not supported/allowed on this filesystem. Continuing without durable sync.

[WAL] fsync not supported/allowed on this filesystem. Continuing without durable sync.

[WAL] fsync not supported/allowed on this filesystem. Continuing without durable sync.

[WAL] fsync not supported/allowed on this filesystem. Continuing without durable sync.

[WAL] fsync not supported/allowed on this filesystem. Continuing without durable sync.

[WAL] fsync not supported/allowed on this filesystem. Continuing without durable sync.

[WAL] fsync not supported/allowed on this filesystem. Continuing without durable sync.

[WAL] fsync not supported/allowed on this filesystem. Continuing without durable sync.

[WAL] fsync not supported/allowed on this filesystem. Continuing without durable sync.

[WAL] fsync not supported/allowed on this filesystem. Continuing without durable sync.

[WAL] fsync not supported/allowed on this filesystem. Continuing without durable sync.

[WAL] fsync not supported/allowed on this filesystem. Continuing without durable sync.

[WAL] fsync not supported/allowed on this filesystem. Continuing without durable sync.

[WAL] fsync not supported/allowed on this filesystem. Continuing without durable sync.

[WAL] fsync not supported/allowed on this filesystem. Continuing without durable sync.

[WAL] fsync not supported/allowed on this filesystem. Continuing without durable sync.

[WAL] fsync not supported/allowed on this filesystem. Continuing without durable sync.

[WAL] fsync not supported/allowed on this filesystem. Continuing without durable sync.

[WAL] fsync not supported/allowed on this filesystem. Continuing without durable sync.

[WAL] fsync not supported/allowed on this filesystem. Continuing without durable sync.

[WAL] fsync not supported/allowed on this filesystem. Continuing without durable sync.

[WAL] fsync not supported/allowed on this filesystem. Continuing without durable sync.

[WAL] fsync not supported/allowed on this filesystem. Continuing without durable sync.

[WAL] fsync not supported/allowed on this filesystem. Continuing without durable sync.

[WAL] fsync not supported/allowed on this filesystem. Continuing without durable sync.

[WAL] fsync not supported/allowed on this filesystem. Continuing without durable sync.

[WAL] fsync not supported/allowed on this filesystem. Continuing without durable sync.

[WAL] fsync not supported/allowed on this filesystem. Continuing without durable sync.

[WAL] fsync not supported/allowed on this filesystem. Continuing without durable sync.

[WAL] fsync not supported/allowed on this filesystem. Continuing without durable sync.

[WAL] fsync not supported/allowed on this filesystem. Continuing without durable sync.

[WAL] fsync not supported/allowed on this filesystem. Continuing without durable sync.

[WAL] fsync not supported/allowed on this filesystem. Continuing without durable sync.

[WAL] fsync not supported/allowed on this filesystem. Continuing without durable sync.

[WAL] fsync not supported/allowed on this filesystem. Continuing without durable sync.

[WAL] fsync not supported/allowed on this filesystem. Continuing without durable sync.

[WAL] fsync not supported/allowed on this filesystem. Continuing without durable sync.

[WAL] fsync not supported/allowed on this filesystem. Continuing without durable sync.

[WAL] fsync not supported/allowed on this filesystem. Continuing without durable sync.

[WAL] fsync not supported/allowed on this filesystem. Continuing without durable sync.

[WAL] fsync not supported/allowed on this filesystem. Continuing without durable sync.

[WAL] fsync not supported/allowed on this filesystem. Continuing without durable sync.

[WAL] fsync not supported/allowed on this filesystem. Continuing without durable sync.

[WAL] fsync not supported/allowed on this filesystem. Continuing without durable sync.

[WAL] fsync not supported/allowed on this filesystem. Continuing without durable sync.

[WAL] fsync not supported/allowed on this filesystem. Continuing without durable sync.

[WAL] fsync not supported/allowed on this filesystem. Continuing without durable sync.

[WAL] fsync not supported/allowed on this filesystem. Continuing without durable sync.

[WAL] fsync not supported/allowed on this filesystem. Continuing without durable sync.

[WAL] fsync not supported/allowed on this filesystem. Continuing without durable sync.

[WAL] fsync not supported/allowed on this filesystem. Continuing without durable sync.

[WAL] fsync not supported/allowed on this filesystem. Continuing without durable sync.

            </system-err>
        </testcase>
        <testcase classname="tests/daemon-wal-v2.test.ts" name="WAL v2 (fase 4) &gt; lector v2 migra y replays WAL v1 binario" time="0.0229515">
        </testcase>
        <testcase classname="tests/daemon-wal-v2.test.ts" name="WAL v2 (fase 4) &gt; corrupción CRC en recovery: salta entry corrupta y continúa" time="0.0666464">
            <system-err>
[WAL] fsync not supported/allowed on this filesystem. Continuing without durable sync.

[WAL] CRC mismatch at offset 5. Skipping corrupted entry.

[WAL] CRC mismatch at offset 5. Skipping corrupted entry.

            </system-err>
        </testcase>
        <testcase classname="tests/daemon-wal-v2.test.ts" name="WAL v2 (fase 4) &gt; checkpoint corrupto: fallback a checkpoint anterior válido" time="0.0701718">
            <system-err>
[WAL] fsync not supported/allowed on this filesystem. Continuing without durable sync.

[WAL] Invalid checkpoint hash detected. Falling back to previous checkpoint.

            </system-err>
        </testcase>
        <testcase classname="tests/daemon-wal-v2.test.ts" name="WAL v2 (fase 4) &gt; auto-compact mantiene WAL acotado al superar maxWalSizeMB" time="1.068081">
            <system-err>
[WAL] fsync not supported/allowed on this filesystem. Continuing without durable sync.

            </system-err>
        </testcase>
    </testsuite>
    <testsuite name="tests/daemon-wal.test.ts" timestamp="2026-03-17T05:02:15.093Z" hostname="DESKTOP-28NKMQD" tests="8" failures="0" errors="0" skipped="0" time="0.1881046">
        <testcase classname="tests/daemon-wal.test.ts" name="WAL providers (binary/jsonl) &gt; append + replay roundtrip (binary)" time="0.064012">
            <system-err>
[WAL] fsync not supported/allowed on this filesystem. Continuing without durable sync.

            </system-err>
        </testcase>
        <testcase classname="tests/daemon-wal.test.ts" name="WAL providers (binary/jsonl) &gt; append + replay roundtrip (jsonl)" time="0.0407644">
            <system-err>
[WAL] fsync not supported/allowed on this filesystem. Continuing without durable sync.

            </system-err>
        </testcase>
        <testcase classname="tests/daemon-wal.test.ts" name="WAL providers (binary/jsonl) &gt; truncate limpia el archivo WAL (binary)" time="0.0084238">
            <system-err>
[WAL] fsync not supported/allowed on this filesystem. Continuing without durable sync.

            </system-err>
        </testcase>
        <testcase classname="tests/daemon-wal.test.ts" name="WAL providers (binary/jsonl) &gt; truncate limpia el archivo WAL (jsonl)" time="0.0128591">
            <system-err>
[WAL] fsync not supported/allowed on this filesystem. Continuing without durable sync.

            </system-err>
        </testcase>
        <testcase classname="tests/daemon-wal.test.ts" name="WAL providers (binary/jsonl) &gt; replay ignora entry corrupta y continúa con las siguientes (binary)" time="0.0171664">
            <system-err>
[WAL] fsync not supported/allowed on this filesystem. Continuing without durable sync.

[WAL] CRC mismatch at offset 5. Skipping corrupted entry.

[WAL] CRC mismatch at offset 5. Skipping corrupted entry.

            </system-err>
        </testcase>
        <testcase classname="tests/daemon-wal.test.ts" name="WAL providers (binary/jsonl) &gt; replay ignora entry corrupta y continúa con las siguientes (jsonl)" time="0.0153496">
            <system-err>
[WAL] fsync not supported/allowed on this filesystem. Continuing without durable sync.

[WAL] JSONL CRC mismatch. Skipping corrupted entry.

[WAL] JSONL CRC mismatch. Skipping corrupted entry.

            </system-err>
        </testcase>
        <testcase classname="tests/daemon-wal.test.ts" name="WAL providers (binary/jsonl) &gt; fsync strict se comporta como fail-closed en errores de sync (binary)" time="0.0135392">
        </testcase>
        <testcase classname="tests/daemon-wal.test.ts" name="WAL providers (binary/jsonl) &gt; fsync strict se comporta como fail-closed en errores de sync (jsonl)" time="0.0084961">
        </testcase>
    </testsuite>
    <testsuite name="tests/gics-adversarial.test.ts" timestamp="2026-03-17T05:02:15.096Z" hostname="DESKTOP-28NKMQD" tests="5" failures="0" errors="0" skipped="0" time="0.3311351">
        <testcase classname="tests/gics-adversarial.test.ts" name="Advorsarial Suite (Fase 8) &gt; 1. Fuzz Roundtrip (50 iterations) &gt; should roundtrip 50 randomized datasets without error" time="0.2538538">
        </testcase>
        <testcase classname="tests/gics-adversarial.test.ts" name="Advorsarial Suite (Fase 8) &gt; 2. Systematic Truncation &gt; should throw IncompleteDataError for every truncated length" time="0.0229888">
        </testcase>
        <testcase classname="tests/gics-adversarial.test.ts" name="Advorsarial Suite (Fase 8) &gt; 3. Systematic Bit-Flipping &gt; should detect bit flips in header and payload" time="0.0059826">
        </testcase>
        <testcase classname="tests/gics-adversarial.test.ts" name="Advorsarial Suite (Fase 8) &gt; 4. Decompression Bomb Protection &gt; should reject StreamSection claiming huge uncompressed size" time="0.0025183">
        </testcase>
        <testcase classname="tests/gics-adversarial.test.ts" name="Advorsarial Suite (Fase 8) &gt; 5. Concurrency &gt; should handle 10 parallel encoder/decoder instances without pollution" time="0.0126224">
        </testcase>
    </testsuite>
    <testsuite name="tests/gics-chm.test.ts" timestamp="2026-03-17T05:02:15.098Z" hostname="DESKTOP-28NKMQD" tests="6" failures="0" errors="0" skipped="0" time="0.0139431">
        <testcase classname="tests/gics-chm.test.ts" name="HealthMonitor (CHM) &gt; starts in NORMAL state" time="0.0017551">
        </testcase>
        <testcase classname="tests/gics-chm.test.ts" name="HealthMonitor (CHM) &gt; routes to CORE in normal conditions" time="0.001083">
        </testcase>
        <testcase classname="tests/gics-chm.test.ts" name="HealthMonitor (CHM) &gt; triggers ENTROPY_GATE when entropy is too high" time="0.0003519">
        </testcase>
        <testcase classname="tests/gics-chm.test.ts" name="HealthMonitor (CHM) &gt; detects RATIO_DROP anomaly and switches to QUARANTINE" time="0.000702">
        </testcase>
        <testcase classname="tests/gics-chm.test.ts" name="HealthMonitor (CHM) &gt; detects ENTROPY_BURST" time="0.0005716">
        </testcase>
        <testcase classname="tests/gics-chm.test.ts" name="HealthMonitor (CHM) &gt; recovers from QUARANTINE after M_RECOVERY_BLOCKS successes" time="0.0007363">
        </testcase>
    </testsuite>
    <testsuite name="tests/gics-float-edge-cases.test.ts" timestamp="2026-03-17T05:02:15.100Z" hostname="DESKTOP-28NKMQD" tests="2" failures="0" errors="0" skipped="0" time="0.1203239">
        <testcase classname="tests/gics-float-edge-cases.test.ts" name="GICS float edge-cases &gt; roundtrips special IEEE-754 values (NaN, ±Infinity, -0)" time="0.0901521">
        </testcase>
        <testcase classname="tests/gics-float-edge-cases.test.ts" name="GICS float edge-cases &gt; roundtrips extreme finite floats (MAX_VALUE, MIN_VALUE/subnormal)" time="0.004214">
        </testcase>
    </testsuite>
    <testsuite name="tests/gics-generic-roundtrip.test.ts" timestamp="2026-03-17T05:02:15.100Z" hostname="DESKTOP-28NKMQD" tests="12" failures="0" errors="0" skipped="0" time="0.2549419">
        <testcase classname="tests/gics-generic-roundtrip.test.ts" name="Generic Encoder/Decoder Round-Trip &gt; Trust schema (string keys + categorical) &gt; round-trips trust snapshots with identical data" time="0.1150282">
        </testcase>
        <testcase classname="tests/gics-generic-roundtrip.test.ts" name="Generic Encoder/Decoder Round-Trip &gt; Trust schema (string keys + categorical) &gt; categorical fields round-trip as strings, not numbers" time="0.0077607">
        </testcase>
        <testcase classname="tests/gics-generic-roundtrip.test.ts" name="Generic Encoder/Decoder Round-Trip &gt; Trust schema (string keys + categorical) &gt; string keys are preserved exactly" time="0.0069772">
        </testcase>
        <testcase classname="tests/gics-generic-roundtrip.test.ts" name="Generic Encoder/Decoder Round-Trip &gt; Numeric schema (no categorical) &gt; round-trips sensor data" time="0.0103708">
        </testcase>
        <testcase classname="tests/gics-generic-roundtrip.test.ts" name="Generic Encoder/Decoder Round-Trip &gt; Minimal schema &gt; single-field schema round-trips" time="0.002928">
        </testcase>
        <testcase classname="tests/gics-generic-roundtrip.test.ts" name="Generic Encoder/Decoder Round-Trip &gt; queryGeneric() &gt; query by string key returns matching snapshots" time="0.0061557">
        </testcase>
        <testcase classname="tests/gics-generic-roundtrip.test.ts" name="Generic Encoder/Decoder Round-Trip &gt; queryGeneric() &gt; query by numeric key on numeric schema" time="0.0028914">
        </testcase>
        <testcase classname="tests/gics-generic-roundtrip.test.ts" name="Generic Encoder/Decoder Round-Trip &gt; queryGeneric() &gt; query by non-existent key returns empty" time="0.0053178">
        </testcase>
        <testcase classname="tests/gics-generic-roundtrip.test.ts" name="Generic Encoder/Decoder Round-Trip &gt; Legacy compatibility via getAllGenericSnapshots() &gt; legacy files return { price, quantity } records" time="0.0111227">
        </testcase>
        <testcase classname="tests/gics-generic-roundtrip.test.ts" name="Generic Encoder/Decoder Round-Trip &gt; Integrity &gt; verify() passes on schema-encoded files" time="0.003301">
        </testcase>
        <testcase classname="tests/gics-generic-roundtrip.test.ts" name="Generic Encoder/Decoder Round-Trip &gt; Integrity &gt; getAllSnapshots() on legacy files still works" time="0.0028844">
        </testcase>
        <testcase classname="tests/gics-generic-roundtrip.test.ts" name="Generic Encoder/Decoder Round-Trip &gt; Large dataset &gt; 1000 trust snapshots round-trip correctly" time="0.062831">
        </testcase>
    </testsuite>
    <testsuite name="tests/gics-golden-corpus.test.ts" timestamp="2026-03-17T05:02:15.103Z" hostname="DESKTOP-28NKMQD" tests="7" failures="0" errors="0" skipped="0" time="0.3157489">
        <testcase classname="tests/gics-golden-corpus.test.ts" name="GICS v1.3 Golden Corpus &gt; legacy_plain: sha256 matches, verify ok, unpack matches expected" time="0.0761022">
        </testcase>
        <testcase classname="tests/gics-golden-corpus.test.ts" name="GICS v1.3 Golden Corpus &gt; legacy_multisegment: verify ok, unpack matches expected" time="0.0223348">
        </testcase>
        <testcase classname="tests/gics-golden-corpus.test.ts" name="GICS v1.3 Golden Corpus &gt; legacy_encrypted: verify ok, unpack requires password and matches expected" time="0.0496111">
        </testcase>
        <testcase classname="tests/gics-golden-corpus.test.ts" name="GICS v1.3 Golden Corpus &gt; schema_trust_events_plain: verify ok, schema is readable and generic query works" time="0.0545653">
        </testcase>
        <testcase classname="tests/gics-golden-corpus.test.ts" name="GICS v1.3 Golden Corpus &gt; tamper: 1-bit flip must fail (IntegrityError)" time="0.0350334">
        </testcase>
        <testcase classname="tests/gics-golden-corpus.test.ts" name="GICS v1.3 Golden Corpus &gt; truncation: missing EOS must fail (IncompleteDataError)" time="0.0125452">
        </testcase>
        <testcase classname="tests/gics-golden-corpus.test.ts" name="GICS v1.3 Golden Corpus &gt; wrong password: encrypted file rejects" time="0.0344288">
        </testcase>
    </testsuite>
    <testsuite name="tests/gics-item-major.test.ts" timestamp="2026-03-17T05:02:15.104Z" hostname="DESKTOP-28NKMQD" tests="6" failures="0" errors="0" skipped="0" time="5.2754227">
        <testcase classname="tests/gics-item-major.test.ts" name="Item-Major Layout &gt; roundtrip: stable multi-item (20 items x 100 snapshots)" time="0.2587697">
        </testcase>
        <testcase classname="tests/gics-item-major.test.ts" name="Item-Major Layout &gt; segment flag is set for stable multi-item data" time="0.0088609">
        </testcase>
        <testcase classname="tests/gics-item-major.test.ts" name="Item-Major Layout &gt; fallback: varying item counts stay snapshot-major" time="0.0184244">
        </testcase>
        <testcase classname="tests/gics-item-major.test.ts" name="Item-Major Layout &gt; single-item data does not activate item-major" time="0.0071191">
        </testcase>
        <testcase classname="tests/gics-item-major.test.ts" name="Item-Major Layout &gt; roundtrip: large multi-item (20 items x 500 snapshots)" time="0.3260241">
        </testcase>
        <testcase classname="tests/gics-item-major.test.ts" name="Item-Major Layout &gt; keeps temporal depth for wide stable books instead of fragmenting into shallow segments" time="4.6259338">
        </testcase>
    </testsuite>
    <testsuite name="tests/gics-limits.test.ts" timestamp="2026-03-17T05:02:15.105Z" hostname="DESKTOP-28NKMQD" tests="4" failures="0" errors="0" skipped="1" time="0.369358">
        <testcase classname="tests/gics-limits.test.ts" name="GICS system limits &gt; handles a high snapshot count without integrity loss" time="0.2641873">
        </testcase>
        <testcase classname="tests/gics-limits.test.ts" name="GICS system limits &gt; handles snapshots with thousands of items" time="0.0855536">
        </testcase>
        <testcase classname="tests/gics-limits.test.ts" name="GICS system limits &gt; supports configurable heavy stress for snapshot and item counts" time="0">
            <skipped/>
        </testcase>
        <testcase classname="tests/gics-limits.test.ts" name="GICS system limits &gt; rejects malicious section length tampering (limit or integrity path)" time="0.0060416">
        </testcase>
    </testsuite>
    <testsuite name="tests/gics-multiitem.test.ts" timestamp="2026-03-17T05:02:15.106Z" hostname="DESKTOP-28NKMQD" tests="8" failures="0" errors="0" skipped="0" time="0.2526358">
        <testcase classname="tests/gics-multiitem.test.ts" name="GICS Multi-Item Roundtrip &gt; should roundtrip multi-item snapshots exactly" time="0.1308884">
        </testcase>
        <testcase classname="tests/gics-multiitem.test.ts" name="GICS Multi-Item Roundtrip &gt; should preserve item IDs correctly" time="0.0191858">
        </testcase>
        <testcase classname="tests/gics-multiitem.test.ts" name="GICS Multi-Item Roundtrip &gt; should preserve quantities correctly" time="0.0028064">
        </testcase>
        <testcase classname="tests/gics-multiitem.test.ts" name="GICS Multi-Item Roundtrip &gt; should roundtrip floating point price/quantity without precision loss in legacy mode" time="0.0276904">
        </testcase>
        <testcase classname="tests/gics-multiitem.test.ts" name="GICS Multi-Item Roundtrip &gt; should handle variable item counts per snapshot" time="0.0044175">
        </testcase>
        <testcase classname="tests/gics-multiitem.test.ts" name="GICS Multi-Item Roundtrip &gt; should handle empty items (snapshot with 0 items)" time="0.0039816">
        </testcase>
        <testcase classname="tests/gics-multiitem.test.ts" name="GICS Multi-Item Roundtrip &gt; should produce deterministic output (sorted by itemId)" time="0.0317041">
        </testcase>
        <testcase classname="tests/gics-multiitem.test.ts" name="GICS Multi-Item Roundtrip &gt; should reject data without EOS marker" time="0.0041786">
        </testcase>
    </testsuite>
    <testsuite name="tests/gics-profiler.test.ts" timestamp="2026-03-17T05:02:15.108Z" hostname="DESKTOP-28NKMQD" tests="6" failures="0" errors="0" skipped="0" time="0.3230993">
        <testcase classname="tests/gics-profiler.test.ts" name="CompressionProfiler &gt; profiles trend data (quick mode)" time="0.1331132">
        </testcase>
        <testcase classname="tests/gics-profiler.test.ts" name="CompressionProfiler &gt; profiles volatile data (quick mode)" time="0.0353681">
        </testcase>
        <testcase classname="tests/gics-profiler.test.ts" name="CompressionProfiler &gt; profiles multi-item data (quick mode)" time="0.0757023">
        </testcase>
        <testcase classname="tests/gics-profiler.test.ts" name="CompressionProfiler &gt; best trial has highest ratio among all trials" time="0.0126065">
        </testcase>
        <testcase classname="tests/gics-profiler.test.ts" name="CompressionProfiler &gt; rejects empty sample" time="0.0020526">
        </testcase>
        <testcase classname="tests/gics-profiler.test.ts" name="CompressionProfiler &gt; preset matching works when config aligns" time="0.0069418">
        </testcase>
    </testsuite>
    <testsuite name="tests/gics-quarantine-cap.test.ts" timestamp="2026-03-17T05:02:15.109Z" hostname="DESKTOP-28NKMQD" tests="2" failures="0" errors="0" skipped="0" time="0.2684335">
        <testcase classname="tests/gics-quarantine-cap.test.ts" name="GICS Phase 11: Quarantine Cap (FIXED64_LE) &gt; should trigger quarantine and use FIXED64_LE for noisy data" time="0.2476848">
        </testcase>
        <testcase classname="tests/gics-quarantine-cap.test.ts" name="GICS Phase 11: Quarantine Cap (FIXED64_LE) &gt; reconstructs values correctly when using FIXED64_LE" time="0.0048427">
        </testcase>
    </testsuite>
    <testsuite name="tests/gics-rotating-session.test.ts" timestamp="2026-03-17T05:02:15.109Z" hostname="DESKTOP-28NKMQD" tests="3" failures="0" errors="0" skipped="0" time="0.731348">
        <testcase classname="tests/gics-rotating-session.test.ts" name="GICS rotating sessions &gt; rotates files deterministically, keeps continuity, and reads the full session" time="0.3859939">
        </testcase>
        <testcase classname="tests/gics-rotating-session.test.ts" name="GICS rotating sessions &gt; supports adaptive rotation triggers without breaking verification" time="0.1570208">
        </testcase>
        <testcase classname="tests/gics-rotating-session.test.ts" name="GICS rotating sessions &gt; resumes sessions and marks invalid tail files as orphaned" time="0.1801108">
        </testcase>
    </testsuite>
    <testsuite name="tests/gics-schema-retrocompat.test.ts" timestamp="2026-03-17T05:02:15.110Z" hostname="DESKTOP-28NKMQD" tests="16" failures="0" errors="0" skipped="0" time="0.1363458">
        <testcase classname="tests/gics-schema-retrocompat.test.ts" name="Schema Profiles — Retrocompatibility &gt; Type definitions &gt; FieldDef has correct shape" time="0.001376">
        </testcase>
        <testcase classname="tests/gics-schema-retrocompat.test.ts" name="Schema Profiles — Retrocompatibility &gt; Type definitions &gt; FieldDef supports categorical with enumMap" time="0.0003654">
        </testcase>
        <testcase classname="tests/gics-schema-retrocompat.test.ts" name="Schema Profiles — Retrocompatibility &gt; Type definitions &gt; SchemaProfile has correct shape" time="0.0014158">
        </testcase>
        <testcase classname="tests/gics-schema-retrocompat.test.ts" name="Schema Profiles — Retrocompatibility &gt; Type definitions &gt; GenericSnapshot supports custom item types" time="0.0002863">
        </testcase>
        <testcase classname="tests/gics-schema-retrocompat.test.ts" name="Schema Profiles — Retrocompatibility &gt; Type definitions &gt; GenericSnapshot default type matches legacy Snapshot" time="0.000279">
        </testcase>
        <testcase classname="tests/gics-schema-retrocompat.test.ts" name="Schema Profiles — Retrocompatibility &gt; Format constants &gt; HAS_SCHEMA flag is defined and does not conflict" time="0.0003213">
        </testcase>
        <testcase classname="tests/gics-schema-retrocompat.test.ts" name="Schema Profiles — Retrocompatibility &gt; Format constants &gt; SCHEMA_STREAM_BASE is 100" time="0.0001818">
        </testcase>
        <testcase classname="tests/gics-schema-retrocompat.test.ts" name="Schema Profiles — Retrocompatibility &gt; Format constants &gt; VERSION_BYTE remains 0x03" time="0.0001772">
        </testcase>
        <testcase classname="tests/gics-schema-retrocompat.test.ts" name="Schema Profiles — Retrocompatibility &gt; Predefined schemas &gt; MARKET_DATA schema exists and has price+quantity" time="0.0004991">
        </testcase>
        <testcase classname="tests/gics-schema-retrocompat.test.ts" name="Schema Profiles — Retrocompatibility &gt; Predefined schemas &gt; TRUST_EVENTS schema exists with 6 fields" time="0.0005246">
        </testcase>
        <testcase classname="tests/gics-schema-retrocompat.test.ts" name="Schema Profiles — Retrocompatibility &gt; Byte-identical encoding without schema &gt; pack() without schema produces identical bytes across two calls" time="0.0648261">
        </testcase>
        <testcase classname="tests/gics-schema-retrocompat.test.ts" name="Schema Profiles — Retrocompatibility &gt; Byte-identical encoding without schema &gt; header version byte is 0x03 when no schema" time="0.0076619">
        </testcase>
        <testcase classname="tests/gics-schema-retrocompat.test.ts" name="Schema Profiles — Retrocompatibility &gt; Byte-identical encoding without schema &gt; header flags do NOT include HAS_SCHEMA when no schema given" time="0.0022461">
        </testcase>
        <testcase classname="tests/gics-schema-retrocompat.test.ts" name="Schema Profiles — Retrocompatibility &gt; Round-trip without schema (legacy path) &gt; encode → decode produces identical data" time="0.0196852">
        </testcase>
        <testcase classname="tests/gics-schema-retrocompat.test.ts" name="Schema Profiles — Retrocompatibility &gt; Round-trip without schema (legacy path) &gt; verify() passes on files without schema" time="0.0026907">
        </testcase>
        <testcase classname="tests/gics-schema-retrocompat.test.ts" name="Schema Profiles — Retrocompatibility &gt; Round-trip without schema (legacy path) &gt; query() works on files without schema" time="0.0023861">
        </testcase>
    </testsuite>
    <testsuite name="tests/gics-schema-section.test.ts" timestamp="2026-03-17T05:02:15.114Z" hostname="DESKTOP-28NKMQD" tests="7" failures="0" errors="0" skipped="0" time="0.1808245">
        <testcase classname="tests/gics-schema-section.test.ts" name="Schema Section in Header &gt; Schema encoding/decoding round-trip &gt; encoder with schema → decoder reads same schema via parseHeader()" time="0.1006484">
        </testcase>
        <testcase classname="tests/gics-schema-section.test.ts" name="Schema Section in Header &gt; Schema encoding/decoding round-trip &gt; schema with categorical field preserves enum map" time="0.0110015">
        </testcase>
        <testcase classname="tests/gics-schema-section.test.ts" name="Schema Section in Header &gt; Schema encoding/decoding round-trip &gt; all field properties survive round-trip" time="0.0038792">
        </testcase>
        <testcase classname="tests/gics-schema-section.test.ts" name="Schema Section in Header &gt; Legacy files (no schema) &gt; decoder returns legacy schema for v1.3 files without HAS_SCHEMA" time="0.0139164">
        </testcase>
        <testcase classname="tests/gics-schema-section.test.ts" name="Schema Section in Header &gt; Header flags &gt; HAS_SCHEMA flag is set when schema provided" time="0.0035518">
        </testcase>
        <testcase classname="tests/gics-schema-section.test.ts" name="Schema Section in Header &gt; Header flags &gt; HAS_SCHEMA flag is NOT set without schema" time="0.0103683">
        </testcase>
        <testcase classname="tests/gics-schema-section.test.ts" name="Schema Section in Header &gt; Integrity &gt; verify() passes on files with schema" time="0.0085975">
        </testcase>
    </testsuite>
    <testsuite name="tests/gics-security-crypto.test.ts" timestamp="2026-03-17T05:02:15.116Z" hostname="DESKTOP-28NKMQD" tests="6" failures="0" errors="0" skipped="0" time="0.4852071">
        <testcase classname="tests/gics-security-crypto.test.ts" name="GICS cryptographic security checks &gt; PBKDF2 key derivation is deterministic for same password/salt/iterations" time="0.0585283">
        </testcase>
        <testcase classname="tests/gics-security-crypto.test.ts" name="GICS cryptographic security checks &gt; auth verification succeeds for correct key and fails for wrong key" time="0.0580033">
        </testcase>
        <testcase classname="tests/gics-security-crypto.test.ts" name="GICS cryptographic security checks &gt; auth verification has bounded timing delta between match/mismatch paths" time="0.0981893">
        </testcase>
        <testcase classname="tests/gics-security-crypto.test.ts" name="GICS cryptographic security checks &gt; stream IV domain separation produces different ciphertext/tag across stream IDs" time="0.0331848">
        </testcase>
        <testcase classname="tests/gics-security-crypto.test.ts" name="GICS cryptographic security checks &gt; tampered ciphertext/tag is rejected by decryptSection" time="0.0338483">
        </testcase>
        <testcase classname="tests/gics-security-crypto.test.ts" name="GICS cryptographic security checks &gt; encrypted pack/unpack succeeds with correct password and fails with wrong password" time="0.1943275">
        </testcase>
    </testsuite>
    <testsuite name="tests/gics-streaming-flush.test.ts" timestamp="2026-03-17T05:02:15.117Z" hostname="DESKTOP-28NKMQD" tests="4" failures="0" errors="0" skipped="0" time="1.770171">
        <testcase classname="tests/gics-streaming-flush.test.ts" name="GICS streaming flush behavior &gt; keeps in-memory flush backward compatible by returning full flush bytes" time="0.0994279">
        </testcase>
        <testcase classname="tests/gics-streaming-flush.test.ts" name="GICS streaming flush behavior &gt; autoFlushThreshold triggers an internal flush once the threshold is reached" time="0.0125051">
        </testcase>
        <testcase classname="tests/gics-streaming-flush.test.ts" name="GICS streaming flush behavior &gt; streams file-mode flushes directly to disk without aggregating all segment bytes" time="0.0603615">
        </testcase>
        <testcase classname="tests/gics-streaming-flush.test.ts" name="GICS streaming flush behavior &gt; keeps peak heap growth below 100MB for 10K+ snapshots in streaming file mode" time="1.5882155">
        </testcase>
    </testsuite>
    <testsuite name="tests/gics-string-dict.test.ts" timestamp="2026-03-17T05:02:15.118Z" hostname="DESKTOP-28NKMQD" tests="16" failures="0" errors="0" skipped="0" time="0.0433509">
        <testcase classname="tests/gics-string-dict.test.ts" name="StringDictionary &gt; build() &gt; builds from unique keys, sorted" time="0.0156807">
        </testcase>
        <testcase classname="tests/gics-string-dict.test.ts" name="StringDictionary &gt; build() &gt; deduplicates keys" time="0.0004109">
        </testcase>
        <testcase classname="tests/gics-string-dict.test.ts" name="StringDictionary &gt; build() &gt; handles empty input" time="0.00029">
        </testcase>
        <testcase classname="tests/gics-string-dict.test.ts" name="StringDictionary &gt; encode/decode round-trip &gt; round-trips simple keys" time="0.0015013">
        </testcase>
        <testcase classname="tests/gics-string-dict.test.ts" name="StringDictionary &gt; encode/decode round-trip &gt; round-trips keys with common prefixes" time="0.0009343">
        </testcase>
        <testcase classname="tests/gics-string-dict.test.ts" name="StringDictionary &gt; encode/decode round-trip &gt; round-trips with decodeForward" time="0.0005187">
        </testcase>
        <testcase classname="tests/gics-string-dict.test.ts" name="StringDictionary &gt; encode/decode round-trip &gt; round-trips empty dictionary" time="0.0002835">
        </testcase>
        <testcase classname="tests/gics-string-dict.test.ts" name="StringDictionary &gt; encode/decode round-trip &gt; round-trips single entry" time="0.0002857">
        </testcase>
        <testcase classname="tests/gics-string-dict.test.ts" name="StringDictionary &gt; encode/decode round-trip &gt; round-trips unicode strings" time="0.0016564">
        </testcase>
        <testcase classname="tests/gics-string-dict.test.ts" name="StringDictionary &gt; encode/decode round-trip &gt; should throw when decoding truncated data" time="0.0012719">
        </testcase>
        <testcase classname="tests/gics-string-dict.test.ts" name="StringDictionary &gt; compression efficiency &gt; common prefix keys compress smaller than naive" time="0.0007018">
        </testcase>
        <testcase classname="tests/gics-string-dict.test.ts" name="StringDictionary &gt; large dictionary &gt; handles 1000 entries" time="0.0045004">
        </testcase>
        <testcase classname="tests/gics-string-dict.test.ts" name="SegmentIndex with StringDictionary &gt; round-trips SegmentIndex WITHOUT string dict (backward compat)" time="0.0012394">
        </testcase>
        <testcase classname="tests/gics-string-dict.test.ts" name="SegmentIndex with StringDictionary &gt; round-trips SegmentIndex WITH string dict" time="0.0007366">
        </testcase>
        <testcase classname="tests/gics-string-dict.test.ts" name="SegmentIndex with StringDictionary &gt; containsString() works via string dict lookup" time="0.0003937">
        </testcase>
        <testcase classname="tests/gics-string-dict.test.ts" name="SegmentIndex with StringDictionary &gt; containsString() returns false when no string dict" time="0.0001708">
        </testcase>
    </testsuite>
    <testsuite name="tests/gics-v1.3-forensics.test.ts" timestamp="2026-03-17T05:02:15.121Z" hostname="DESKTOP-28NKMQD" tests="5" failures="0" errors="0" skipped="0" time="0.1338955">
        <testcase classname="tests/gics-v1.3-forensics.test.ts" name="GICS v1.3 Forensics &amp; Verification &gt; should verify file integrity without decompression" time="0.0912972">
        </testcase>
        <testcase classname="tests/gics-v1.3-forensics.test.ts" name="GICS v1.3 Forensics &amp; Verification &gt; should fail verification if CRC is tampered" time="0.0033067">
        </testcase>
        <testcase classname="tests/gics-v1.3-forensics.test.ts" name="GICS v1.3 Forensics &amp; Verification &gt; verifyIntegrityOnly should return false for corrupt data (no throw)" time="0.0033171">
        </testcase>
        <testcase classname="tests/gics-v1.3-forensics.test.ts" name="GICS v1.3 Forensics &amp; Verification &gt; should fail if cross-stream lengths mismatch (Manual Trigger)" time="0.0112128">
        </testcase>
        <testcase classname="tests/gics-v1.3-forensics.test.ts" name="GICS v1.3 Forensics &amp; Verification &gt; should detect sum(snapshotLen) != itemIds.length" time="0.0051698">
        </testcase>
    </testsuite>
    <testsuite name="tests/gics-v1.3-format.test.ts" timestamp="2026-03-17T05:02:15.122Z" hostname="DESKTOP-28NKMQD" tests="12" failures="0" errors="0" skipped="0" time="0.2884373">
        <testcase classname="tests/gics-v1.3-format.test.ts" name="GICS v1.3 Format &gt; Version Byte &gt; should encode with version byte 0x03" time="0.0914145">
        </testcase>
        <testcase classname="tests/gics-v1.3-format.test.ts" name="GICS v1.3 Format &gt; Version Byte &gt; should decode v1.3 format successfully" time="0.0315688">
        </testcase>
        <testcase classname="tests/gics-v1.3-format.test.ts" name="GICS v1.3 Format &gt; Hash Chain Integrity &gt; should detect payload tampering" time="0.0034644">
        </testcase>
        <testcase classname="tests/gics-v1.3-format.test.ts" name="GICS v1.3 Format &gt; Hash Chain Integrity &gt; should detect hash field tampering" time="0.0051705">
        </testcase>
        <testcase classname="tests/gics-v1.3-format.test.ts" name="GICS v1.3 Format &gt; Hash Chain Integrity &gt; should verify multiple stream sections" time="0.0163957">
        </testcase>
        <testcase classname="tests/gics-v1.3-format.test.ts" name="GICS v1.3 Format &gt; Roundtrip Integrity &gt; should roundtrip single snapshot correctly" time="0.0048426">
        </testcase>
        <testcase classname="tests/gics-v1.3-format.test.ts" name="GICS v1.3 Format &gt; Roundtrip Integrity &gt; should roundtrip multi-item snapshots" time="0.0202323">
        </testcase>
        <testcase classname="tests/gics-v1.3-format.test.ts" name="GICS v1.3 Format &gt; Roundtrip Integrity &gt; should roundtrip large dataset with trends" time="0.0147636">
        </testcase>
        <testcase classname="tests/gics-v1.3-format.test.ts" name="GICS v1.3 Format &gt; Backward Compatibility &gt; should accept v1.2 format (version 0x02)" time="0.0002544">
        </testcase>
        <testcase classname="tests/gics-v1.3-format.test.ts" name="GICS v1.3 Format &gt; Backward Compatibility &gt; should reject unsupported version with clear error" time="0.0023033">
        </testcase>
        <testcase classname="tests/gics-v1.3-format.test.ts" name="GICS v1.3 Format &gt; Stream Section Format &gt; should encode all mandatory streams" time="0.0316899">
        </testcase>
        <testcase classname="tests/gics-v1.3-format.test.ts" name="GICS v1.3 Format &gt; Stream Section Format &gt; should use outer compression (Zstd)" time="0.0092796">
        </testcase>
    </testsuite>
    <testsuite name="tests/gics-v1.3-segments.test.ts" timestamp="2026-03-17T05:02:15.124Z" hostname="DESKTOP-28NKMQD" tests="5" failures="0" errors="0" skipped="0" time="0.3699744">
        <testcase classname="tests/gics-v1.3-segments.test.ts" name="GICS v1.3 Segments &amp; Append &gt; should encode and decode multiple segments using size limit" time="0.1039697">
        </testcase>
        <testcase classname="tests/gics-v1.3-segments.test.ts" name="GICS v1.3 Segments &amp; Append &gt; should append to an existing GICS file" time="0.1665272">
        </testcase>
        <testcase classname="tests/gics-v1.3-segments.test.ts" name="GICS v1.3 Segments &amp; Append &gt; should perform optimized query using segment index" time="0.0082925">
        </testcase>
        <testcase classname="tests/gics-v1.3-segments.test.ts" name="GICS v1.3 Segments &amp; Append &gt; should verify file-level integrity chain" time="0.0418017">
        </testcase>
        <testcase classname="tests/gics-v1.3-segments.test.ts" name="GICS v1.3 Segments &amp; Append &gt; should throw IntegrityError on decodeNextSegment with corrupt data" time="0.0023185">
        </testcase>
    </testsuite>
    <testsuite name="tests/insight-engine.test.ts" timestamp="2026-03-17T05:02:15.125Z" hostname="DESKTOP-28NKMQD" tests="16" failures="0" errors="0" skipped="0" time="0.6903797">
        <testcase classname="tests/insight-engine.test.ts" name="InsightTracker (Phase 3.1) &gt; tracks entropy, volatility, streak, and streakRecord" time="0.0030684">
        </testcase>
        <testcase classname="tests/insight-engine.test.ts" name="InsightTracker (Phase 3.1) &gt; computes per-field trends with ema, direction, zScore" time="0.0008563">
        </testcase>
        <testcase classname="tests/insight-engine.test.ts" name="InsightTracker (Phase 3.1) &gt; resets streak on direction change" time="0.0006149">
        </testcase>
        <testcase classname="tests/insight-engine.test.ts" name="InsightTracker (Phase 3.1) &gt; computes Shannon entropy approaching 1.0 for equal up/down" time="0.0004883">
        </testcase>
        <testcase classname="tests/insight-engine.test.ts" name="InsightTracker (Phase 3.1) &gt; lifecycle classification works with new fields present" time="0.0015268">
        </testcase>
        <testcase classname="tests/insight-engine.test.ts" name="CorrelationAnalyzer (Phase 3.2) &gt; detects positive correlation between co-moving items" time="0.0032072">
        </testcase>
        <testcase classname="tests/insight-engine.test.ts" name="CorrelationAnalyzer (Phase 3.2) &gt; forms clusters from correlated items" time="0.0029472">
        </testcase>
        <testcase classname="tests/insight-engine.test.ts" name="CorrelationAnalyzer (Phase 3.2) &gt; getLeadingIndicators returns indicators with lag" time="0.0023466">
        </testcase>
        <testcase classname="tests/insight-engine.test.ts" name="CorrelationAnalyzer (Phase 3.2) &gt; getSeasonalPatterns returns array" time="0.0005366">
        </testcase>
        <testcase classname="tests/insight-engine.test.ts" name="PredictiveSignals (Phase 3.3) &gt; detects anomaly when z-score exceeds threshold" time="0.0025607">
        </testcase>
        <testcase classname="tests/insight-engine.test.ts" name="PredictiveSignals (Phase 3.3) &gt; generates lifecycle-based recommendations" time="0.0008648">
        </testcase>
        <testcase classname="tests/insight-engine.test.ts" name="PredictiveSignals (Phase 3.3) &gt; getForecast returns projection with decaying confidence" time="0.0007234">
        </testcase>
        <testcase classname="tests/insight-engine.test.ts" name="PredictiveSignals (Phase 3.3) &gt; getAnomalies filters by since timestamp" time="0.0006816">
        </testcase>
        <testcase classname="tests/insight-engine.test.ts" name="Daemon Insight IPC (Phase 3 integration) &gt; getCorrelations, getClusters, getLeadingIndicators, getSeasonalPatterns via IPC" time="0.2356767">
            <system-out>
[GICS] Generated new security token at C:\Users\shilo\AppData\Local\Temp\gics-insight-test-QpHceA\.gics_token
[GICS] Replaying WAL...

[GICS] WAL replayed. 0 records loaded (0 entries replayed).

[Supervisor] STARTING -&gt; HEALTHY: supervisor started (2026-03-17T05:01:02.589Z)

[GICS] Daemon listening on \\.\pipe\gics-insight-insight-ipc-corr-1773723662578-3eohcmg4bp6

[GICS] Daemon stopped.

            </system-out>
            <system-err>
[WAL] fsync not supported/allowed on this filesystem. Continuing without durable sync.

            </system-err>
        </testcase>
        <testcase classname="tests/insight-engine.test.ts" name="Daemon Insight IPC (Phase 3 integration) &gt; getForecast, getAnomalies, getRecommendations via IPC" time="0.3302959">
            <system-out>
[GICS] Generated new security token at C:\Users\shilo\AppData\Local\Temp\gics-insight-test-7vrL8J\.gics_token
[GICS] Replaying WAL...

[GICS] WAL replayed. 0 records loaded (0 entries replayed).

[Supervisor] STARTING -&gt; HEALTHY: supervisor started (2026-03-17T05:01:02.817Z)

[GICS] Daemon listening on \\.\pipe\gics-insight-insight-ipc-pred-1773723662809-at5houh76ns

[GICS] Daemon stopped.

            </system-out>
            <system-err>
[WAL] fsync not supported/allowed on this filesystem. Continuing without durable sync.

            </system-err>
        </testcase>
        <testcase classname="tests/insight-engine.test.ts" name="Daemon Insight IPC (Phase 3 integration) &gt; put response includes behavior with new fields" time="0.086298">
            <system-out>
[GICS] Generated new security token at C:\Users\shilo\AppData\Local\Temp\gics-insight-test-1KleHz\.gics_token
[GICS] Replaying WAL...

[GICS] WAL replayed. 0 records loaded (0 entries replayed).

[Supervisor] STARTING -&gt; HEALTHY: supervisor started (2026-03-17T05:01:03.152Z)

[GICS] Daemon listening on \\.\pipe\gics-insight-insight-ipc-put-behavior-1773723663141-2tv474yr5no

[GICS] Daemon stopped.

            </system-out>
            <system-err>
[WAL] fsync not supported/allowed on this filesystem. Continuing without durable sync.

            </system-err>
        </testcase>
    </testsuite>
    <testsuite name="tests/phase4-deep-deep.test.ts" timestamp="2026-03-17T05:02:15.131Z" hostname="DESKTOP-28NKMQD" tests="4" failures="0" errors="0" skipped="0" time="0.1938374">
        <testcase classname="tests/phase4-deep-deep.test.ts" name="Deep Dive Phase 4: Structural and CHM Validation &gt; verifies SNAPSHOT_LEN trial selection chooses the most efficient codec" time="0.123175">
        </testcase>
        <testcase classname="tests/phase4-deep-deep.test.ts" name="Deep Dive Phase 4: Structural and CHM Validation &gt; verifies ITEM_ID uses DICT_VARINT when item IDs repeat" time="0.0168809">
        </testcase>
        <testcase classname="tests/phase4-deep-deep.test.ts" name="Deep Dive Phase 4: Structural and CHM Validation &gt; verifies context isolation: one stream must NOT affect another in trial" time="0.0068648">
        </testcase>
        <testcase classname="tests/phase4-deep-deep.test.ts" name="Deep Dive Phase 4: Structural and CHM Validation &gt; verifies CHM transition for TIME stream under high jitter" time="0.0257842">
        </testcase>
    </testsuite>
    <testsuite name="tests/smoke-globals.test.ts" timestamp="2026-03-17T05:02:15.133Z" hostname="DESKTOP-28NKMQD" tests="1" failures="0" errors="0" skipped="0" time="0.0081783">
        <testcase classname="tests/smoke-globals.test.ts" name="smoke-globals &gt; vitest runs (globals)" time="0.0017815">
            <system-out>
[smoke-globals] test executed

            </system-out>
        </testcase>
    </testsuite>
    <testsuite name="tests/smoke.test.ts" timestamp="2026-03-17T05:02:15.134Z" hostname="DESKTOP-28NKMQD" tests="1" failures="0" errors="0" skipped="0" time="0.0096194">
        <testcase classname="tests/smoke.test.ts" name="smoke &gt; vitest runs" time="0.0018627">
            <system-out>
[smoke] test executed

            </system-out>
        </testcase>
    </testsuite>
    <testsuite name="tests/regression/codec-selection-stability.test.ts" timestamp="2026-03-17T05:02:15.135Z" hostname="DESKTOP-28NKMQD" tests="1" failures="0" errors="0" skipped="0" time="0.2007818">
        <testcase classname="tests/regression/codec-selection-stability.test.ts" name="Regression: codec selection stability &gt; produces deterministic telemetry codec sequence for same input" time="0.1799572">
        </testcase>
    </testsuite>
    <testsuite name="tests/regression/eos_missing.test.ts" timestamp="2026-03-17T05:02:15.136Z" hostname="DESKTOP-28NKMQD" tests="1" failures="0" errors="0" skipped="0" time="0.0904188">
        <testcase classname="tests/regression/eos_missing.test.ts" name="Regression: EOS Missing &gt; should throw IncompleteDataError if EOS marker is missing" time="0.0675128">
        </testcase>
    </testsuite>
    <testsuite name="tests/regression/eos_trailing.test.ts" timestamp="2026-03-17T05:02:15.136Z" hostname="DESKTOP-28NKMQD" tests="1" failures="0" errors="0" skipped="0" time="0.0764127">
        <testcase classname="tests/regression/eos_trailing.test.ts" name="Regression: EOS Trailing Bytes &gt; should throw if bytes exist after EOS" time="0.0610068">
        </testcase>
    </testsuite>
    <testsuite name="tests/regression/float-precision-loss.test.ts" timestamp="2026-03-17T05:02:15.137Z" hostname="DESKTOP-28NKMQD" tests="1" failures="0" errors="0" skipped="0" time="0.0777824">
        <testcase classname="tests/regression/float-precision-loss.test.ts" name="Regression: float precision stability &gt; keeps IEEE-754 semantics for challenging floating values" time="0.0699604">
        </testcase>
    </testsuite>
    <testsuite name="tests/regression/integrity_mismatch.test.ts" timestamp="2026-03-17T05:02:15.137Z" hostname="DESKTOP-28NKMQD" tests="1" failures="0" errors="0" skipped="0" time="0.0930068">
        <testcase classname="tests/regression/integrity_mismatch.test.ts" name="Regression: Integrity Mismatch &gt; should roundtrip bit-exact with seed 12345" time="0.0806229">
        </testcase>
    </testsuite>
    <testsuite name="tests/regression/quarantine-trigger.test.ts" timestamp="2026-03-17T05:02:15.138Z" hostname="DESKTOP-28NKMQD" tests="1" failures="0" errors="0" skipped="0" time="0.1217605">
        <testcase classname="tests/regression/quarantine-trigger.test.ts" name="Regression: quarantine trigger stability &gt; keeps triggering quarantine on noisy bursts and remains decodable" time="0.1021851">
        </testcase>
    </testsuite>
    <testsuite name="tests/regression/truncation.test.ts" timestamp="2026-03-17T05:02:15.139Z" hostname="DESKTOP-28NKMQD" tests="1" failures="0" errors="0" skipped="0" time="0.2428917">
        <testcase classname="tests/regression/truncation.test.ts" name="Regression: Truncation Silent Success &gt; should throw IncompleteDataError for truncated streams" time="0.2003437">
        </testcase>
    </testsuite>
</testsuites>
